level : error:Aug-02-2023 17:33:13 : 	Employee is already registered with this email!
level : info:Aug-02-2023 17:33:35 : 	Employee successfully registered.
level : error:Aug-02-2023 17:34:10 : 	Employee is already registered with this email!
level : info:Aug-02-2023 18:23:01 : 	Employee successfully registered.
level : info:Aug-02-2023 18:36:21 : 	Employee successfully registered.
level : error:Aug-03-2023 12:01:27 : 	Enter valid email or password!!
level : info:Aug-03-2023 12:03:00 : 	Employee successfully registered.
level : error:Aug-03-2023 12:03:31 : 	Enter valid email or password!!
level : error:Aug-03-2023 12:03:46 : 	Enter valid email or password!!
level : error:Aug-03-2023 12:03:48 : 	Enter valid email or password!!
level : error:Aug-03-2023 12:04:38 : 	Enter valid email or password!!
level : error:Aug-03-2023 12:04:56 : 	Enter valid email or password!!
level : info:Aug-03-2023 12:08:58 : 	Employee login successfull 
level : error:Aug-03-2023 12:36:24 : 	Employee is already registered with this email!
level : info:Aug-03-2023 16:40:37 : 	Employee login successfull 
level : info:Aug-03-2023 16:59:05 : 	Employee login successfull 
level : info:Aug-03-2023 17:01:54 : 	Employee login successfull 
level : info:Aug-03-2023 17:16:23 : 	Mail sent successfully
level : error:Aug-03-2023 17:17:00 : 	Enter valid email!!
level : error:Aug-03-2023 17:17:24 : 	Enter valid email!!
level : error:Aug-03-2023 17:17:26 : 	Enter valid email!!
level : info:Aug-03-2023 17:17:41 : 	Mail sent successfully
level : info:Aug-03-2023 17:31:04 : 	Mail sent successfully
level : info:Aug-03-2023 17:31:10 : 	Employee login successfull 
level : info:Aug-04-2023 11:51:53 : 	Employee login successfull 
level : info:Aug-04-2023 11:52:07 : 	Mail sent successfully
level : info:Aug-04-2023 12:02:41 : 	Mail sent successfully
level : info:Aug-04-2023 15:43:20 : 	Mail sent successfully
